::1 - - [06/Jun/2023:20:27:31 +0000] "GET / HTTP/1.1" 500 2364 "-" "PostmanRuntime/7.32.2"
::1 - - [06/Jun/2023:21:37:46 +0000] "GET /login HTTP/1.1" 200 20 "-" "PostmanRuntime/7.32.2"
::1 - - [06/Jun/2023:21:41:07 +0000] "GET /user/login HTTP/1.1" 200 20 "-" "PostmanRuntime/7.32.2"
::1 - - [06/Jun/2023:21:41:29 +0000] "GET /user/login HTTP/1.1" 200 20 "-" "PostmanRuntime/7.32.2"
::1 - - [06/Jun/2023:21:42:14 +0000] "GET /user/login HTTP/1.1" 200 20 "-" "PostmanRuntime/7.32.2"
::1 - - [06/Jun/2023:21:42:32 +0000] "GET /user/login HTTP/1.1" 200 20 "-" "PostmanRuntime/7.32.2"
::1 - - [06/Jun/2023:21:43:16 +0000] "GET /user/login HTTP/1.1" 200 31 "-" "PostmanRuntime/7.32.2"
::1 - - [06/Jun/2023:21:43:24 +0000] "GET /user HTTP/1.1" 200 31 "-" "PostmanRuntime/7.32.2"
::1 - - [06/Jun/2023:21:43:27 +0000] "GET / HTTP/1.1" 200 21 "-" "PostmanRuntime/7.32.2"
::1 - - [06/Jun/2023:21:43:29 +0000] "GET /api HTTP/1.1" 200 357 "-" "PostmanRuntime/7.32.2"
::1 - - [06/Jun/2023:21:43:49 +0000] "GET /user HTTP/1.1" 200 31 "-" "PostmanRuntime/7.32.2"
::1 - - [07/Jun/2023:13:04:09 +0000] "GET /user HTTP/1.1" 200 31 "-" "PostmanRuntime/7.32.2"
::1 - - [07/Jun/2023:13:04:44 +0000] "GET /user HTTP/1.1" 200 31 "-" "PostmanRuntime/7.32.2"
::1 - - [07/Jun/2023:13:04:56 +0000] "GET /user HTTP/1.1" 200 12 "-" "PostmanRuntime/7.32.2"
::1 - - [07/Jun/2023:13:19:28 +0000] "GET /user/login HTTP/1.1" 200 12 "-" "PostmanRuntime/7.32.2"
::1 - - [07/Jun/2023:13:19:30 +0000] "GET /user/ HTTP/1.1" 200 12 "-" "PostmanRuntime/7.32.2"
::1 - - [07/Jun/2023:13:23:06 +0000] "GET /user/login HTTP/1.1" 500 2374 "-" "PostmanRuntime/7.32.2"
::1 - - [07/Jun/2023:13:23:50 +0000] "GET /user/login HTTP/1.1" 500 2374 "-" "PostmanRuntime/7.32.2"
::1 - - [07/Jun/2023:13:24:15 +0000] "GET /user/login HTTP/1.1" 200 12 "-" "PostmanRuntime/7.32.2"
::1 - - [07/Jun/2023:13:24:31 +0000] "GET /user/login HTTP/1.1" 500 2366 "-" "PostmanRuntime/7.32.2"
::1 - - [07/Jun/2023:13:25:21 +0000] "GET /user/login HTTP/1.1" 200 173 "-" "PostmanRuntime/7.32.2"
::1 - - [07/Jun/2023:13:45:38 +0000] "GET /queryName?name=new%20field HTTP/1.1" 200 62 "-" "PostmanRuntime/7.32.2"
::1 - - [07/Jun/2023:13:59:41 +0000] "GET /mongoose HTTP/1.1" 200 14 "-" "PostmanRuntime/7.32.2"
::1 - - [07/Jun/2023:14:48:18 +0000] "GET /mongoose/profile HTTP/1.1" 401 12 "-" "PostmanRuntime/7.32.2"
::1 - - [07/Jun/2023:14:51:50 +0000] "GET /mongoose/profile HTTP/1.1" 403 9 "-" "PostmanRuntime/7.32.2"
::1 - - [07/Jun/2023:14:52:16 +0000] "GET /mongoose/profile HTTP/1.1" 403 9 "-" "PostmanRuntime/7.32.2"
::1 - - [07/Jun/2023:14:52:30 +0000] "GET /mongoose/profile HTTP/1.1" 403 9 "-" "PostmanRuntime/7.32.2"
::1 - - [07/Jun/2023:15:14:24 +0000] "GET /mongoose/signup HTTP/1.1" 200 62 "-" "PostmanRuntime/7.32.2"
::1 - - [07/Jun/2023:15:14:49 +0000] "GET /mongoose/signup HTTP/1.1" 200 62 "-" "PostmanRuntime/7.32.2"
::1 - - [07/Jun/2023:15:15:00 +0000] "POST /mongoose/signup HTTP/1.1" 200 62 "-" "PostmanRuntime/7.32.2"
::1 - - [07/Jun/2023:15:15:23 +0000] "POST /mongoose/signup HTTP/1.1" 200 62 "-" "PostmanRuntime/7.32.2"
::1 - - [07/Jun/2023:15:15:42 +0000] "POST /mongoose/signup HTTP/1.1" 200 62 "-" "PostmanRuntime/7.32.2"
::1 - - [07/Jun/2023:15:16:12 +0000] "POST /mongoose/signup HTTP/1.1" 200 62 "-" "PostmanRuntime/7.32.2"
::1 - - [07/Jun/2023:15:17:10 +0000] "POST /mongoose/signup HTTP/1.1" 200 4 "-" "PostmanRuntime/7.32.2"
::1 - - [07/Jun/2023:15:17:58 +0000] "POST /mongoose/signup HTTP/1.1" 200 17 "-" "PostmanRuntime/7.32.2"
::1 - - [07/Jun/2023:16:00:10 +0000] "POST /mongoose/signup HTTP/1.1" 500 31 "-" "PostmanRuntime/7.32.2"
::1 - - [07/Jun/2023:16:35:54 +0000] "POST /mongoose/signup HTTP/1.1" 500 31 "-" "PostmanRuntime/7.32.2"
::1 - - [07/Jun/2023:16:37:51 +0000] "POST /mongoose/signup HTTP/1.1" 500 31 "-" "PostmanRuntime/7.32.2"
::1 - - [07/Jun/2023:16:37:59 +0000] "POST /mongoose/signup HTTP/1.1" 500 31 "-" "PostmanRuntime/7.32.2"
::1 - - [07/Jun/2023:16:38:47 +0000] "POST /mongoose/signup HTTP/1.1" 500 31 "-" "PostmanRuntime/7.32.2"
::1 - - [07/Jun/2023:16:40:58 +0000] "POST /mongoose/signup HTTP/1.1" 500 31 "-" "PostmanRuntime/7.32.2"
::1 - - [07/Jun/2023:16:41:14 +0000] "POST /mongoose/signup HTTP/1.1" 500 31 "-" "PostmanRuntime/7.32.2"
::1 - - [07/Jun/2023:16:42:07 +0000] "POST /mongoose/signup HTTP/1.1" 200 39 "-" "PostmanRuntime/7.32.2"
::1 - - [07/Jun/2023:16:48:58 +0000] "POST /mongoose/login HTTP/1.1" 200 14 "-" "PostmanRuntime/7.32.2"
::1 - - [07/Jun/2023:16:53:58 +0000] "POST /mongoose/login HTTP/1.1" 200 23 "-" "PostmanRuntime/7.32.2"
::1 - - [07/Jun/2023:16:54:07 +0000] "POST /mongoose/login HTTP/1.1" 200 23 "-" "PostmanRuntime/7.32.2"
::1 - - [07/Jun/2023:16:54:29 +0000] "POST /mongoose/login HTTP/1.1" 200 36 "-" "PostmanRuntime/7.32.2"
::1 - - [07/Jun/2023:16:54:34 +0000] "POST /mongoose/login HTTP/1.1" 400 61 "-" "PostmanRuntime/7.32.2"
::1 - - [07/Jun/2023:16:54:39 +0000] "POST /mongoose/login HTTP/1.1" 400 61 "-" "PostmanRuntime/7.32.2"
::1 - - [07/Jun/2023:16:54:58 +0000] "POST /mongoose/login HTTP/1.1" 200 36 "-" "PostmanRuntime/7.32.2"
::1 - - [07/Jun/2023:16:58:46 +0000] "POST /mongoose/login HTTP/1.1" 200 23 "-" "PostmanRuntime/7.32.2"
::1 - - [07/Jun/2023:16:59:34 +0000] "POST /mongoose/login HTTP/1.1" 200 199 "-" "PostmanRuntime/7.32.2"
::1 - - [07/Jun/2023:16:59:53 +0000] "POST /mongoose/login HTTP/1.1" 200 199 "-" "PostmanRuntime/7.32.2"
::1 - - [07/Jun/2023:17:05:13 +0000] "POST /mongoose/login HTTP/1.1" 200 199 "-" "PostmanRuntime/7.32.2"
::1 - - [07/Jun/2023:17:05:20 +0000] "POST /mongoose/profile HTTP/1.1" 200 62 "-" "PostmanRuntime/7.32.2"
::1 - - [07/Jun/2023:17:05:45 +0000] "POST /mongoose/profile HTTP/1.1" 403 9 "-" "PostmanRuntime/7.32.2"
::1 - - [07/Jun/2023:17:08:17 +0000] "POST /mongoose/profile HTTP/1.1" 403 9 "-" "PostmanRuntime/7.32.2"
::1 - - [07/Jun/2023:17:11:46 +0000] "POST /mongoose/profile HTTP/1.1" 401 27 "-" "PostmanRuntime/7.32.2"
::1 - - [07/Jun/2023:17:11:53 +0000] "POST /mongoose/login HTTP/1.1" 200 199 "-" "PostmanRuntime/7.32.2"
::1 - - [07/Jun/2023:17:12:46 +0000] "GET /mongoose/profile HTTP/1.1" 401 27 "-" "PostmanRuntime/7.32.2"
::1 - - [07/Jun/2023:17:13:34 +0000] "GET /mongoose/profile HTTP/1.1" 200 25 "-" "PostmanRuntime/7.32.2"
::1 - - [07/Jun/2023:17:14:38 +0000] "GET /mongoose/profile HTTP/1.1" 401 27 "-" "PostmanRuntime/7.32.2"
::1 - - [07/Jun/2023:17:18:43 +0000] "GET /mongoose/profile HTTP/1.1" 200 25 "-" "PostmanRuntime/7.32.2"
::1 - - [07/Jun/2023:17:20:35 +0000] "GET /mongoose/profile HTTP/1.1" 401 27 "-" "PostmanRuntime/7.32.2"
::1 - - [07/Jun/2023:17:20:43 +0000] "POST /mongoose/login HTTP/1.1" 200 199 "-" "PostmanRuntime/7.32.2"
::1 - - [07/Jun/2023:17:21:01 +0000] "GET /mongoose/profile HTTP/1.1" 401 27 "-" "PostmanRuntime/7.32.2"
::1 - - [07/Jun/2023:17:21:25 +0000] "GET /mongoose/profile HTTP/1.1" 401 27 "-" "PostmanRuntime/7.32.2"
::1 - - [07/Jun/2023:17:21:42 +0000] "GET /mongoose/profile HTTP/1.1" 401 27 "-" "PostmanRuntime/7.32.2"
::1 - - [07/Jun/2023:17:22:13 +0000] "GET /mongoose/profile HTTP/1.1" 401 27 "-" "PostmanRuntime/7.32.2"
::1 - - [07/Jun/2023:17:22:43 +0000] "GET /mongoose/profile HTTP/1.1" 401 27 "-" "PostmanRuntime/7.32.2"
::1 - - [07/Jun/2023:17:23:20 +0000] "GET /mongoose/profile HTTP/1.1" 200 25 "-" "PostmanRuntime/7.32.2"
::1 - - [07/Jun/2023:17:23:59 +0000] "GET /mongoose/profile HTTP/1.1" 200 134 "-" "PostmanRuntime/7.32.2"
::1 - - [07/Jun/2023:17:25:14 +0000] "POST /mongoose/signup HTTP/1.1" 200 39 "-" "PostmanRuntime/7.32.2"
::1 - - [07/Jun/2023:17:26:54 +0000] "GET /mongoose/profile HTTP/1.1" 200 274 "-" "PostmanRuntime/7.32.2"
::1 - - [07/Jun/2023:17:30:14 +0000] "POST /mongoose/addItem HTTP/1.1" 200 274 "-" "PostmanRuntime/7.32.2"
::1 - - [07/Jun/2023:17:31:18 +0000] "POST /mongoose/addItem HTTP/1.1" 200 363 "-" "PostmanRuntime/7.32.2"
::1 - - [07/Jun/2023:17:31:47 +0000] "POST /mongoose/addItem HTTP/1.1" 200 500 "-" "PostmanRuntime/7.32.2"
::1 - - [07/Jun/2023:17:50:19 +0000] "GET /mongoose/items HTTP/1.1" 401 12 "-" "PostmanRuntime/7.32.2"
::1 - - [07/Jun/2023:17:50:27 +0000] "POST /mongoose/login HTTP/1.1" 200 199 "-" "PostmanRuntime/7.32.2"
::1 - - [07/Jun/2023:17:50:36 +0000] "GET /mongoose/items HTTP/1.1" 401 12 "-" "PostmanRuntime/7.32.2"
::1 - - [07/Jun/2023:17:51:47 +0000] "GET /mongoose/items HTTP/1.1" 401 12 "-" "PostmanRuntime/7.32.2"
::1 - - [07/Jun/2023:17:52:09 +0000] "GET /mongoose/items HTTP/1.1" 200 367 "-" "PostmanRuntime/7.32.2"
::1 - - [07/Jun/2023:17:54:12 +0000] "GET /mongoose/items HTTP/1.1" 200 357 "-" "PostmanRuntime/7.32.2"
::1 - - [07/Jun/2023:17:57:36 +0000] "GET /mongoose/items HTTP/1.1" 401 27 "-" "PostmanRuntime/7.32.2"
::1 - - [07/Jun/2023:17:57:58 +0000] "GET /mongoose/items HTTP/1.1" 401 27 "-" "PostmanRuntime/7.32.2"
::1 - - [07/Jun/2023:17:58:51 +0000] "GET /mongoose/items HTTP/1.1" 200 6 "-" "PostmanRuntime/7.32.2"
::1 - - [07/Jun/2023:17:59:24 +0000] "GET /mongoose/items HTTP/1.1" 401 27 "-" "PostmanRuntime/7.32.2"
::1 - - [07/Jun/2023:17:59:42 +0000] "GET /mongoose/items HTTP/1.1" 401 27 "-" "PostmanRuntime/7.32.2"
::1 - - [07/Jun/2023:18:00:15 +0000] "GET /mongoose/items HTTP/1.1" 401 27 "-" "PostmanRuntime/7.32.2"
::1 - - [07/Jun/2023:18:01:24 +0000] "GET /mongoose/items HTTP/1.1" 200 357 "-" "PostmanRuntime/7.32.2"
